=== puma startup: 2016-11-30 15:57:13 +0000 ===
[4019] * Starting control server on unix:///tmp/puma-status-1480521433991-4019
[4025] + Gemfile in context: /webapps/teachbase/yandex-request-forwarder/Gemfile
[4029] + Gemfile in context: /webapps/teachbase/yandex-request-forwarder/Gemfile
[4033] + Gemfile in context: /webapps/teachbase/yandex-request-forwarder/Gemfile
[4037] + Gemfile in context: /webapps/teachbase/yandex-request-forwarder/Gemfile
[4041] + Gemfile in context: /webapps/teachbase/yandex-request-forwarder/Gemfile
[4045] + Gemfile in context: /webapps/teachbase/yandex-request-forwarder/Gemfile
[4049] + Gemfile in context: /webapps/teachbase/yandex-request-forwarder/Gemfile
[4053] + Gemfile in context: /webapps/teachbase/yandex-request-forwarder/Gemfile
[4057] + Gemfile in context: /webapps/teachbase/yandex-request-forwarder/Gemfile
[4061] + Gemfile in context: /webapps/teachbase/yandex-request-forwarder/Gemfile
[4065] + Gemfile in context: /webapps/teachbase/yandex-request-forwarder/Gemfile
[4069] + Gemfile in context: /webapps/teachbase/yandex-request-forwarder/Gemfile
[4073] + Gemfile in context: /webapps/teachbase/yandex-request-forwarder/Gemfile
[4077] + Gemfile in context: /webapps/teachbase/yandex-request-forwarder/Gemfile
[4081] + Gemfile in context: /webapps/teachbase/yandex-request-forwarder/Gemfile
[4085] + Gemfile in context: /webapps/teachbase/yandex-request-forwarder/Gemfile
[4089] + Gemfile in context: /webapps/teachbase/yandex-request-forwarder/Gemfile
[4093] + Gemfile in context: /webapps/teachbase/yandex-request-forwarder/Gemfile
[4097] + Gemfile in context: /webapps/teachbase/yandex-request-forwarder/Gemfile
[4101] + Gemfile in context: /webapps/teachbase/yandex-request-forwarder/Gemfile
[4105] + Gemfile in context: /webapps/teachbase/yandex-request-forwarder/Gemfile
[4109] + Gemfile in context: /webapps/teachbase/yandex-request-forwarder/Gemfile
[4113] + Gemfile in context: /webapps/teachbase/yandex-request-forwarder/Gemfile
[4117] + Gemfile in context: /webapps/teachbase/yandex-request-forwarder/Gemfile
[4121] + Gemfile in context: /webapps/teachbase/yandex-request-forwarder/Gemfile
[4125] + Gemfile in context: /webapps/teachbase/yandex-request-forwarder/Gemfile
[4129] + Gemfile in context: /webapps/teachbase/yandex-request-forwarder/Gemfile
[4133] + Gemfile in context: /webapps/teachbase/yandex-request-forwarder/Gemfile
[4137] + Gemfile in context: /webapps/teachbase/yandex-request-forwarder/Gemfile
[4141] + Gemfile in context: /webapps/teachbase/yandex-request-forwarder/Gemfile
[4145] + Gemfile in context: /webapps/teachbase/yandex-request-forwarder/Gemfile
[4149] + Gemfile in context: /webapps/teachbase/yandex-request-forwarder/Gemfile
[4153] + Gemfile in context: /webapps/teachbase/yandex-request-forwarder/Gemfile
[4157] + Gemfile in context: /webapps/teachbase/yandex-request-forwarder/Gemfile
[4161] + Gemfile in context: /webapps/teachbase/yandex-request-forwarder/Gemfile
[4165] + Gemfile in context: /webapps/teachbase/yandex-request-forwarder/Gemfile
[4169] + Gemfile in context: /webapps/teachbase/yandex-request-forwarder/Gemfile
[4173] + Gemfile in context: /webapps/teachbase/yandex-request-forwarder/Gemfile
[4177] + Gemfile in context: /webapps/teachbase/yandex-request-forwarder/Gemfile
[4181] + Gemfile in context: /webapps/teachbase/yandex-request-forwarder/Gemfile
[4185] + Gemfile in context: /webapps/teachbase/yandex-request-forwarder/Gemfile
[4189] + Gemfile in context: /webapps/teachbase/yandex-request-forwarder/Gemfile
[4193] + Gemfile in context: /webapps/teachbase/yandex-request-forwarder/Gemfile
[4197] + Gemfile in context: /webapps/teachbase/yandex-request-forwarder/Gemfile
[4201] + Gemfile in context: /webapps/teachbase/yandex-request-forwarder/Gemfile
[4205] + Gemfile in context: /webapps/teachbase/yandex-request-forwarder/Gemfile
[4209] + Gemfile in context: /webapps/teachbase/yandex-request-forwarder/Gemfile
[4213] + Gemfile in context: /webapps/teachbase/yandex-request-forwarder/Gemfile
[4217] + Gemfile in context: /webapps/teachbase/yandex-request-forwarder/Gemfile
[4221] + Gemfile in context: /webapps/teachbase/yandex-request-forwarder/Gemfile
[4225] + Gemfile in context: /webapps/teachbase/yandex-request-forwarder/Gemfile
[4229] + Gemfile in context: /webapps/teachbase/yandex-request-forwarder/Gemfile
[4233] + Gemfile in context: /webapps/teachbase/yandex-request-forwarder/Gemfile
[4237] + Gemfile in context: /webapps/teachbase/yandex-request-forwarder/Gemfile
[4241] + Gemfile in context: /webapps/teachbase/yandex-request-forwarder/Gemfile
[4245] + Gemfile in context: /webapps/teachbase/yandex-request-forwarder/Gemfile
[4249] + Gemfile in context: /webapps/teachbase/yandex-request-forwarder/Gemfile
[4253] + Gemfile in context: /webapps/teachbase/yandex-request-forwarder/Gemfile
[4257] + Gemfile in context: /webapps/teachbase/yandex-request-forwarder/Gemfile
[4261] + Gemfile in context: /webapps/teachbase/yandex-request-forwarder/Gemfile
[4265] + Gemfile in context: /webapps/teachbase/yandex-request-forwarder/Gemfile
[4269] + Gemfile in context: /webapps/teachbase/yandex-request-forwarder/Gemfile
[4273] + Gemfile in context: /webapps/teachbase/yandex-request-forwarder/Gemfile
[4277] + Gemfile in context: /webapps/teachbase/yandex-request-forwarder/Gemfile
[4281] + Gemfile in context: /webapps/teachbase/yandex-request-forwarder/Gemfile
[4285] + Gemfile in context: /webapps/teachbase/yandex-request-forwarder/Gemfile
[4289] + Gemfile in context: /webapps/teachbase/yandex-request-forwarder/Gemfile
[4293] + Gemfile in context: /webapps/teachbase/yandex-request-forwarder/Gemfile
[4297] + Gemfile in context: /webapps/teachbase/yandex-request-forwarder/Gemfile
[4301] + Gemfile in context: /webapps/teachbase/yandex-request-forwarder/Gemfile
[4305] + Gemfile in context: /webapps/teachbase/yandex-request-forwarder/Gemfile
[4309] + Gemfile in context: /webapps/teachbase/yandex-request-forwarder/Gemfile
[4313] + Gemfile in context: /webapps/teachbase/yandex-request-forwarder/Gemfile
[4317] + Gemfile in context: /webapps/teachbase/yandex-request-forwarder/Gemfile
[4321] + Gemfile in context: /webapps/teachbase/yandex-request-forwarder/Gemfile
[4325] + Gemfile in context: /webapps/teachbase/yandex-request-forwarder/Gemfile
[4329] + Gemfile in context: /webapps/teachbase/yandex-request-forwarder/Gemfile
[4333] + Gemfile in context: /webapps/teachbase/yandex-request-forwarder/Gemfile
[4337] + Gemfile in context: /webapps/teachbase/yandex-request-forwarder/Gemfile
[4341] + Gemfile in context: /webapps/teachbase/yandex-request-forwarder/Gemfile
[4345] + Gemfile in context: /webapps/teachbase/yandex-request-forwarder/Gemfile
[4349] + Gemfile in context: /webapps/teachbase/yandex-request-forwarder/Gemfile
[4353] + Gemfile in context: /webapps/teachbase/yandex-request-forwarder/Gemfile
[4357] + Gemfile in context: /webapps/teachbase/yandex-request-forwarder/Gemfile
[4361] + Gemfile in context: /webapps/teachbase/yandex-request-forwarder/Gemfile
[4365] + Gemfile in context: /webapps/teachbase/yandex-request-forwarder/Gemfile
[4369] + Gemfile in context: /webapps/teachbase/yandex-request-forwarder/Gemfile
[4373] + Gemfile in context: /webapps/teachbase/yandex-request-forwarder/Gemfile
[4377] + Gemfile in context: /webapps/teachbase/yandex-request-forwarder/Gemfile
[4381] + Gemfile in context: /webapps/teachbase/yandex-request-forwarder/Gemfile
[4385] + Gemfile in context: /webapps/teachbase/yandex-request-forwarder/Gemfile
[4389] + Gemfile in context: /webapps/teachbase/yandex-request-forwarder/Gemfile
[4393] + Gemfile in context: /webapps/teachbase/yandex-request-forwarder/Gemfile
[4397] + Gemfile in context: /webapps/teachbase/yandex-request-forwarder/Gemfile
[4401] + Gemfile in context: /webapps/teachbase/yandex-request-forwarder/Gemfile
[4405] + Gemfile in context: /webapps/teachbase/yandex-request-forwarder/Gemfile
[4409] + Gemfile in context: /webapps/teachbase/yandex-request-forwarder/Gemfile
[4413] + Gemfile in context: /webapps/teachbase/yandex-request-forwarder/Gemfile
[4417] + Gemfile in context: /webapps/teachbase/yandex-request-forwarder/Gemfile
[4421] + Gemfile in context: /webapps/teachbase/yandex-request-forwarder/Gemfile
[4425] + Gemfile in context: /webapps/teachbase/yandex-request-forwarder/Gemfile
[4429] + Gemfile in context: /webapps/teachbase/yandex-request-forwarder/Gemfile
[4433] + Gemfile in context: /webapps/teachbase/yandex-request-forwarder/Gemfile
[4437] + Gemfile in context: /webapps/teachbase/yandex-request-forwarder/Gemfile
[4441] + Gemfile in context: /webapps/teachbase/yandex-request-forwarder/Gemfile
[4445] + Gemfile in context: /webapps/teachbase/yandex-request-forwarder/Gemfile
[4449] + Gemfile in context: /webapps/teachbase/yandex-request-forwarder/Gemfile
[4453] + Gemfile in context: /webapps/teachbase/yandex-request-forwarder/Gemfile
[4457] + Gemfile in context: /webapps/teachbase/yandex-request-forwarder/Gemfile
[4461] + Gemfile in context: /webapps/teachbase/yandex-request-forwarder/Gemfile
[4465] + Gemfile in context: /webapps/teachbase/yandex-request-forwarder/Gemfile
[4469] + Gemfile in context: /webapps/teachbase/yandex-request-forwarder/Gemfile
[4473] + Gemfile in context: /webapps/teachbase/yandex-request-forwarder/Gemfile
[4477] + Gemfile in context: /webapps/teachbase/yandex-request-forwarder/Gemfile
[4481] + Gemfile in context: /webapps/teachbase/yandex-request-forwarder/Gemfile
[4486] + Gemfile in context: /webapps/teachbase/yandex-request-forwarder/Gemfile
[4490] + Gemfile in context: /webapps/teachbase/yandex-request-forwarder/Gemfile
[4494] + Gemfile in context: /webapps/teachbase/yandex-request-forwarder/Gemfile
[4498] + Gemfile in context: /webapps/teachbase/yandex-request-forwarder/Gemfile
[4502] + Gemfile in context: /webapps/teachbase/yandex-request-forwarder/Gemfile
[4506] + Gemfile in context: /webapps/teachbase/yandex-request-forwarder/Gemfile
[4510] + Gemfile in context: /webapps/teachbase/yandex-request-forwarder/Gemfile
[4514] + Gemfile in context: /webapps/teachbase/yandex-request-forwarder/Gemfile
[4518] + Gemfile in context: /webapps/teachbase/yandex-request-forwarder/Gemfile
[4522] + Gemfile in context: /webapps/teachbase/yandex-request-forwarder/Gemfile
[4526] + Gemfile in context: /webapps/teachbase/yandex-request-forwarder/Gemfile
[4530] + Gemfile in context: /webapps/teachbase/yandex-request-forwarder/Gemfile
[4534] + Gemfile in context: /webapps/teachbase/yandex-request-forwarder/Gemfile
[4538] + Gemfile in context: /webapps/teachbase/yandex-request-forwarder/Gemfile
[4542] + Gemfile in context: /webapps/teachbase/yandex-request-forwarder/Gemfile
[4546] + Gemfile in context: /webapps/teachbase/yandex-request-forwarder/Gemfile
[4550] + Gemfile in context: /webapps/teachbase/yandex-request-forwarder/Gemfile
[4554] + Gemfile in context: /webapps/teachbase/yandex-request-forwarder/Gemfile
[4558] + Gemfile in context: /webapps/teachbase/yandex-request-forwarder/Gemfile
[4562] + Gemfile in context: /webapps/teachbase/yandex-request-forwarder/Gemfile
[4566] + Gemfile in context: /webapps/teachbase/yandex-request-forwarder/Gemfile
[4570] + Gemfile in context: /webapps/teachbase/yandex-request-forwarder/Gemfile
[4574] + Gemfile in context: /webapps/teachbase/yandex-request-forwarder/Gemfile
[4578] + Gemfile in context: /webapps/teachbase/yandex-request-forwarder/Gemfile
[4582] + Gemfile in context: /webapps/teachbase/yandex-request-forwarder/Gemfile
[4586] + Gemfile in context: /webapps/teachbase/yandex-request-forwarder/Gemfile
[4590] + Gemfile in context: /webapps/teachbase/yandex-request-forwarder/Gemfile
[4594] + Gemfile in context: /webapps/teachbase/yandex-request-forwarder/Gemfile
[4598] + Gemfile in context: /webapps/teachbase/yandex-request-forwarder/Gemfile
[4602] + Gemfile in context: /webapps/teachbase/yandex-request-forwarder/Gemfile
[4606] + Gemfile in context: /webapps/teachbase/yandex-request-forwarder/Gemfile
[4610] + Gemfile in context: /webapps/teachbase/yandex-request-forwarder/Gemfile
[4614] + Gemfile in context: /webapps/teachbase/yandex-request-forwarder/Gemfile
[4618] + Gemfile in context: /webapps/teachbase/yandex-request-forwarder/Gemfile
[4622] + Gemfile in context: /webapps/teachbase/yandex-request-forwarder/Gemfile
[4626] + Gemfile in context: /webapps/teachbase/yandex-request-forwarder/Gemfile
[4630] + Gemfile in context: /webapps/teachbase/yandex-request-forwarder/Gemfile
[4634] + Gemfile in context: /webapps/teachbase/yandex-request-forwarder/Gemfile
[4638] + Gemfile in context: /webapps/teachbase/yandex-request-forwarder/Gemfile
[4642] + Gemfile in context: /webapps/teachbase/yandex-request-forwarder/Gemfile
[4646] + Gemfile in context: /webapps/teachbase/yandex-request-forwarder/Gemfile
[4650] + Gemfile in context: /webapps/teachbase/yandex-request-forwarder/Gemfile
[4654] + Gemfile in context: /webapps/teachbase/yandex-request-forwarder/Gemfile
[4658] + Gemfile in context: /webapps/teachbase/yandex-request-forwarder/Gemfile
[4662] + Gemfile in context: /webapps/teachbase/yandex-request-forwarder/Gemfile
[4666] + Gemfile in context: /webapps/teachbase/yandex-request-forwarder/Gemfile
[4670] + Gemfile in context: /webapps/teachbase/yandex-request-forwarder/Gemfile
[4674] + Gemfile in context: /webapps/teachbase/yandex-request-forwarder/Gemfile
[4678] + Gemfile in context: /webapps/teachbase/yandex-request-forwarder/Gemfile
[4682] + Gemfile in context: /webapps/teachbase/yandex-request-forwarder/Gemfile
[4686] + Gemfile in context: /webapps/teachbase/yandex-request-forwarder/Gemfile
[4690] + Gemfile in context: /webapps/teachbase/yandex-request-forwarder/Gemfile
[4694] + Gemfile in context: /webapps/teachbase/yandex-request-forwarder/Gemfile
[4698] + Gemfile in context: /webapps/teachbase/yandex-request-forwarder/Gemfile
[4702] + Gemfile in context: /webapps/teachbase/yandex-request-forwarder/Gemfile
[4706] + Gemfile in context: /webapps/teachbase/yandex-request-forwarder/Gemfile
[4710] + Gemfile in context: /webapps/teachbase/yandex-request-forwarder/Gemfile
[4714] + Gemfile in context: /webapps/teachbase/yandex-request-forwarder/Gemfile
[4718] + Gemfile in context: /webapps/teachbase/yandex-request-forwarder/Gemfile
[4722] + Gemfile in context: /webapps/teachbase/yandex-request-forwarder/Gemfile
[4726] + Gemfile in context: /webapps/teachbase/yandex-request-forwarder/Gemfile
[4730] + Gemfile in context: /webapps/teachbase/yandex-request-forwarder/Gemfile
[4734] + Gemfile in context: /webapps/teachbase/yandex-request-forwarder/Gemfile
[4738] + Gemfile in context: /webapps/teachbase/yandex-request-forwarder/Gemfile
[4742] + Gemfile in context: /webapps/teachbase/yandex-request-forwarder/Gemfile
[4746] + Gemfile in context: /webapps/teachbase/yandex-request-forwarder/Gemfile
[4750] + Gemfile in context: /webapps/teachbase/yandex-request-forwarder/Gemfile
[4754] + Gemfile in context: /webapps/teachbase/yandex-request-forwarder/Gemfile
[4758] + Gemfile in context: /webapps/teachbase/yandex-request-forwarder/Gemfile
[4762] + Gemfile in context: /webapps/teachbase/yandex-request-forwarder/Gemfile
[4766] + Gemfile in context: /webapps/teachbase/yandex-request-forwarder/Gemfile
[4770] + Gemfile in context: /webapps/teachbase/yandex-request-forwarder/Gemfile
[4774] + Gemfile in context: /webapps/teachbase/yandex-request-forwarder/Gemfile
[4778] + Gemfile in context: /webapps/teachbase/yandex-request-forwarder/Gemfile
[4782] + Gemfile in context: /webapps/teachbase/yandex-request-forwarder/Gemfile
[4786] + Gemfile in context: /webapps/teachbase/yandex-request-forwarder/Gemfile
[4790] + Gemfile in context: /webapps/teachbase/yandex-request-forwarder/Gemfile
[4794] + Gemfile in context: /webapps/teachbase/yandex-request-forwarder/Gemfile
[4798] + Gemfile in context: /webapps/teachbase/yandex-request-forwarder/Gemfile
[4802] + Gemfile in context: /webapps/teachbase/yandex-request-forwarder/Gemfile
[4806] + Gemfile in context: /webapps/teachbase/yandex-request-forwarder/Gemfile
[4810] + Gemfile in context: /webapps/teachbase/yandex-request-forwarder/Gemfile
[4814] + Gemfile in context: /webapps/teachbase/yandex-request-forwarder/Gemfile
[4818] + Gemfile in context: /webapps/teachbase/yandex-request-forwarder/Gemfile
[4822] + Gemfile in context: /webapps/teachbase/yandex-request-forwarder/Gemfile
[4826] + Gemfile in context: /webapps/teachbase/yandex-request-forwarder/Gemfile
[4830] + Gemfile in context: /webapps/teachbase/yandex-request-forwarder/Gemfile
[4834] + Gemfile in context: /webapps/teachbase/yandex-request-forwarder/Gemfile
[4838] + Gemfile in context: /webapps/teachbase/yandex-request-forwarder/Gemfile
[4842] + Gemfile in context: /webapps/teachbase/yandex-request-forwarder/Gemfile
[4846] + Gemfile in context: /webapps/teachbase/yandex-request-forwarder/Gemfile
[4850] + Gemfile in context: /webapps/teachbase/yandex-request-forwarder/Gemfile
[4854] + Gemfile in context: /webapps/teachbase/yandex-request-forwarder/Gemfile
[4858] + Gemfile in context: /webapps/teachbase/yandex-request-forwarder/Gemfile
[4862] + Gemfile in context: /webapps/teachbase/yandex-request-forwarder/Gemfile
[4866] + Gemfile in context: /webapps/teachbase/yandex-request-forwarder/Gemfile
[4870] + Gemfile in context: /webapps/teachbase/yandex-request-forwarder/Gemfile
[4874] + Gemfile in context: /webapps/teachbase/yandex-request-forwarder/Gemfile
[4878] + Gemfile in context: /webapps/teachbase/yandex-request-forwarder/Gemfile
[4882] + Gemfile in context: /webapps/teachbase/yandex-request-forwarder/Gemfile
[4886] + Gemfile in context: /webapps/teachbase/yandex-request-forwarder/Gemfile
[4890] + Gemfile in context: /webapps/teachbase/yandex-request-forwarder/Gemfile
[4894] + Gemfile in context: /webapps/teachbase/yandex-request-forwarder/Gemfile
[4898] + Gemfile in context: /webapps/teachbase/yandex-request-forwarder/Gemfile
[4902] + Gemfile in context: /webapps/teachbase/yandex-request-forwarder/Gemfile
[4906] + Gemfile in context: /webapps/teachbase/yandex-request-forwarder/Gemfile
[4910] + Gemfile in context: /webapps/teachbase/yandex-request-forwarder/Gemfile
[4914] + Gemfile in context: /webapps/teachbase/yandex-request-forwarder/Gemfile
[4918] + Gemfile in context: /webapps/teachbase/yandex-request-forwarder/Gemfile
[4922] + Gemfile in context: /webapps/teachbase/yandex-request-forwarder/Gemfile
[4926] + Gemfile in context: /webapps/teachbase/yandex-request-forwarder/Gemfile
[4930] + Gemfile in context: /webapps/teachbase/yandex-request-forwarder/Gemfile
[4934] + Gemfile in context: /webapps/teachbase/yandex-request-forwarder/Gemfile
[4938] + Gemfile in context: /webapps/teachbase/yandex-request-forwarder/Gemfile
[4942] + Gemfile in context: /webapps/teachbase/yandex-request-forwarder/Gemfile
[4946] + Gemfile in context: /webapps/teachbase/yandex-request-forwarder/Gemfile
[4950] + Gemfile in context: /webapps/teachbase/yandex-request-forwarder/Gemfile
[4954] + Gemfile in context: /webapps/teachbase/yandex-request-forwarder/Gemfile
[4958] + Gemfile in context: /webapps/teachbase/yandex-request-forwarder/Gemfile
[4962] + Gemfile in context: /webapps/teachbase/yandex-request-forwarder/Gemfile
[4966] + Gemfile in context: /webapps/teachbase/yandex-request-forwarder/Gemfile
[4970] + Gemfile in context: /webapps/teachbase/yandex-request-forwarder/Gemfile
[4974] + Gemfile in context: /webapps/teachbase/yandex-request-forwarder/Gemfile
[4978] + Gemfile in context: /webapps/teachbase/yandex-request-forwarder/Gemfile
[4982] + Gemfile in context: /webapps/teachbase/yandex-request-forwarder/Gemfile
[4986] + Gemfile in context: /webapps/teachbase/yandex-request-forwarder/Gemfile
[4990] + Gemfile in context: /webapps/teachbase/yandex-request-forwarder/Gemfile
[4994] + Gemfile in context: /webapps/teachbase/yandex-request-forwarder/Gemfile
[4998] + Gemfile in context: /webapps/teachbase/yandex-request-forwarder/Gemfile
[5002] + Gemfile in context: /webapps/teachbase/yandex-request-forwarder/Gemfile
[5006] + Gemfile in context: /webapps/teachbase/yandex-request-forwarder/Gemfile
[5010] + Gemfile in context: /webapps/teachbase/yandex-request-forwarder/Gemfile
[5014] + Gemfile in context: /webapps/teachbase/yandex-request-forwarder/Gemfile
[5018] + Gemfile in context: /webapps/teachbase/yandex-request-forwarder/Gemfile
[5022] + Gemfile in context: /webapps/teachbase/yandex-request-forwarder/Gemfile
[5026] + Gemfile in context: /webapps/teachbase/yandex-request-forwarder/Gemfile
[5030] + Gemfile in context: /webapps/teachbase/yandex-request-forwarder/Gemfile
[5034] + Gemfile in context: /webapps/teachbase/yandex-request-forwarder/Gemfile
[5038] + Gemfile in context: /webapps/teachbase/yandex-request-forwarder/Gemfile
[5042] + Gemfile in context: /webapps/teachbase/yandex-request-forwarder/Gemfile
[5046] + Gemfile in context: /webapps/teachbase/yandex-request-forwarder/Gemfile
[5050] + Gemfile in context: /webapps/teachbase/yandex-request-forwarder/Gemfile
[5054] + Gemfile in context: /webapps/teachbase/yandex-request-forwarder/Gemfile
[5058] + Gemfile in context: /webapps/teachbase/yandex-request-forwarder/Gemfile
[5062] + Gemfile in context: /webapps/teachbase/yandex-request-forwarder/Gemfile
[5066] + Gemfile in context: /webapps/teachbase/yandex-request-forwarder/Gemfile
[5070] + Gemfile in context: /webapps/teachbase/yandex-request-forwarder/Gemfile
[5074] + Gemfile in context: /webapps/teachbase/yandex-request-forwarder/Gemfile
[5078] + Gemfile in context: /webapps/teachbase/yandex-request-forwarder/Gemfile
[5082] + Gemfile in context: /webapps/teachbase/yandex-request-forwarder/Gemfile
[5086] + Gemfile in context: /webapps/teachbase/yandex-request-forwarder/Gemfile
[5090] + Gemfile in context: /webapps/teachbase/yandex-request-forwarder/Gemfile
[5094] + Gemfile in context: /webapps/teachbase/yandex-request-forwarder/Gemfile
[5098] + Gemfile in context: /webapps/teachbase/yandex-request-forwarder/Gemfile
[5102] + Gemfile in context: /webapps/teachbase/yandex-request-forwarder/Gemfile
[5106] + Gemfile in context: /webapps/teachbase/yandex-request-forwarder/Gemfile
[5110] + Gemfile in context: /webapps/teachbase/yandex-request-forwarder/Gemfile
[5114] + Gemfile in context: /webapps/teachbase/yandex-request-forwarder/Gemfile
[5118] + Gemfile in context: /webapps/teachbase/yandex-request-forwarder/Gemfile
[5122] + Gemfile in context: /webapps/teachbase/yandex-request-forwarder/Gemfile
[5126] + Gemfile in context: /webapps/teachbase/yandex-request-forwarder/Gemfile
[5130] + Gemfile in context: /webapps/teachbase/yandex-request-forwarder/Gemfile
[5134] + Gemfile in context: /webapps/teachbase/yandex-request-forwarder/Gemfile
[5138] + Gemfile in context: /webapps/teachbase/yandex-request-forwarder/Gemfile
[5142] + Gemfile in context: /webapps/teachbase/yandex-request-forwarder/Gemfile
[5146] + Gemfile in context: /webapps/teachbase/yandex-request-forwarder/Gemfile
[5150] + Gemfile in context: /webapps/teachbase/yandex-request-forwarder/Gemfile
[5154] + Gemfile in context: /webapps/teachbase/yandex-request-forwarder/Gemfile
[5158] + Gemfile in context: /webapps/teachbase/yandex-request-forwarder/Gemfile
[5162] + Gemfile in context: /webapps/teachbase/yandex-request-forwarder/Gemfile
[5166] + Gemfile in context: /webapps/teachbase/yandex-request-forwarder/Gemfile
[5170] + Gemfile in context: /webapps/teachbase/yandex-request-forwarder/Gemfile
[5174] + Gemfile in context: /webapps/teachbase/yandex-request-forwarder/Gemfile
[5178] + Gemfile in context: /webapps/teachbase/yandex-request-forwarder/Gemfile
[5182] + Gemfile in context: /webapps/teachbase/yandex-request-forwarder/Gemfile
[5186] + Gemfile in context: /webapps/teachbase/yandex-request-forwarder/Gemfile
[5190] + Gemfile in context: /webapps/teachbase/yandex-request-forwarder/Gemfile
[5194] + Gemfile in context: /webapps/teachbase/yandex-request-forwarder/Gemfile
[5198] + Gemfile in context: /webapps/teachbase/yandex-request-forwarder/Gemfile
[5202] + Gemfile in context: /webapps/teachbase/yandex-request-forwarder/Gemfile
[5206] + Gemfile in context: /webapps/teachbase/yandex-request-forwarder/Gemfile
[5210] + Gemfile in context: /webapps/teachbase/yandex-request-forwarder/Gemfile
[5214] + Gemfile in context: /webapps/teachbase/yandex-request-forwarder/Gemfile
[5218] + Gemfile in context: /webapps/teachbase/yandex-request-forwarder/Gemfile
[5222] + Gemfile in context: /webapps/teachbase/yandex-request-forwarder/Gemfile
[5226] + Gemfile in context: /webapps/teachbase/yandex-request-forwarder/Gemfile
[5230] + Gemfile in context: /webapps/teachbase/yandex-request-forwarder/Gemfile
[5234] + Gemfile in context: /webapps/teachbase/yandex-request-forwarder/Gemfile
[5238] + Gemfile in context: /webapps/teachbase/yandex-request-forwarder/Gemfile
[5242] + Gemfile in context: /webapps/teachbase/yandex-request-forwarder/Gemfile
[5246] + Gemfile in context: /webapps/teachbase/yandex-request-forwarder/Gemfile
[5250] + Gemfile in context: /webapps/teachbase/yandex-request-forwarder/Gemfile
[5254] + Gemfile in context: /webapps/teachbase/yandex-request-forwarder/Gemfile
[5258] + Gemfile in context: /webapps/teachbase/yandex-request-forwarder/Gemfile
[5262] + Gemfile in context: /webapps/teachbase/yandex-request-forwarder/Gemfile
[5266] + Gemfile in context: /webapps/teachbase/yandex-request-forwarder/Gemfile
[5270] + Gemfile in context: /webapps/teachbase/yandex-request-forwarder/Gemfile
[5274] + Gemfile in context: /webapps/teachbase/yandex-request-forwarder/Gemfile
[5278] + Gemfile in context: /webapps/teachbase/yandex-request-forwarder/Gemfile
[5282] + Gemfile in context: /webapps/teachbase/yandex-request-forwarder/Gemfile
[5286] + Gemfile in context: /webapps/teachbase/yandex-request-forwarder/Gemfile
[5290] + Gemfile in context: /webapps/teachbase/yandex-request-forwarder/Gemfile
[5294] + Gemfile in context: /webapps/teachbase/yandex-request-forwarder/Gemfile
[5298] + Gemfile in context: /webapps/teachbase/yandex-request-forwarder/Gemfile
[5302] + Gemfile in context: /webapps/teachbase/yandex-request-forwarder/Gemfile
[5306] + Gemfile in context: /webapps/teachbase/yandex-request-forwarder/Gemfile
[5310] + Gemfile in context: /webapps/teachbase/yandex-request-forwarder/Gemfile
[5314] + Gemfile in context: /webapps/teachbase/yandex-request-forwarder/Gemfile
[5318] + Gemfile in context: /webapps/teachbase/yandex-request-forwarder/Gemfile
[5322] + Gemfile in context: /webapps/teachbase/yandex-request-forwarder/Gemfile
[5326] + Gemfile in context: /webapps/teachbase/yandex-request-forwarder/Gemfile
[5330] + Gemfile in context: /webapps/teachbase/yandex-request-forwarder/Gemfile
[5334] + Gemfile in context: /webapps/teachbase/yandex-request-forwarder/Gemfile
[5338] + Gemfile in context: /webapps/teachbase/yandex-request-forwarder/Gemfile
[5342] + Gemfile in context: /webapps/teachbase/yandex-request-forwarder/Gemfile
[5346] + Gemfile in context: /webapps/teachbase/yandex-request-forwarder/Gemfile
[5350] + Gemfile in context: /webapps/teachbase/yandex-request-forwarder/Gemfile
[5354] + Gemfile in context: /webapps/teachbase/yandex-request-forwarder/Gemfile
[5358] + Gemfile in context: /webapps/teachbase/yandex-request-forwarder/Gemfile
[5362] + Gemfile in context: /webapps/teachbase/yandex-request-forwarder/Gemfile
[5366] + Gemfile in context: /webapps/teachbase/yandex-request-forwarder/Gemfile
[5370] + Gemfile in context: /webapps/teachbase/yandex-request-forwarder/Gemfile
[5374] + Gemfile in context: /webapps/teachbase/yandex-request-forwarder/Gemfile
[5378] + Gemfile in context: /webapps/teachbase/yandex-request-forwarder/Gemfile
[5382] + Gemfile in context: /webapps/teachbase/yandex-request-forwarder/Gemfile
[5386] + Gemfile in context: /webapps/teachbase/yandex-request-forwarder/Gemfile
[5390] + Gemfile in context: /webapps/teachbase/yandex-request-forwarder/Gemfile
[5394] + Gemfile in context: /webapps/teachbase/yandex-request-forwarder/Gemfile
[5398] + Gemfile in context: /webapps/teachbase/yandex-request-forwarder/Gemfile
[5402] + Gemfile in context: /webapps/teachbase/yandex-request-forwarder/Gemfile
[5406] + Gemfile in context: /webapps/teachbase/yandex-request-forwarder/Gemfile
[5410] + Gemfile in context: /webapps/teachbase/yandex-request-forwarder/Gemfile
[5414] + Gemfile in context: /webapps/teachbase/yandex-request-forwarder/Gemfile
[5418] + Gemfile in context: /webapps/teachbase/yandex-request-forwarder/Gemfile
[5422] + Gemfile in context: /webapps/teachbase/yandex-request-forwarder/Gemfile
[5426] + Gemfile in context: /webapps/teachbase/yandex-request-forwarder/Gemfile
[5430] + Gemfile in context: /webapps/teachbase/yandex-request-forwarder/Gemfile
[5434] + Gemfile in context: /webapps/teachbase/yandex-request-forwarder/Gemfile
[5438] + Gemfile in context: /webapps/teachbase/yandex-request-forwarder/Gemfile
[5442] + Gemfile in context: /webapps/teachbase/yandex-request-forwarder/Gemfile
[5446] + Gemfile in context: /webapps/teachbase/yandex-request-forwarder/Gemfile
[4019] - Gracefully shutting down workers...
[5446] Early termination of worker
[4019] === puma shutdown: 2016-11-30 15:59:02 +0000 ===
[4019] - Goodbye!
=== puma startup: 2016-11-30 16:00:05 +0000 ===
[5603] * Starting control server on unix:///tmp/puma-status-1480521605404-5603
[5603] - Worker 0 (pid: 5608) booted, phase: 0

[1mFrom:[0m /webapps/teachbase/yandex-request-forwarder/app.rb @ line 39 :

    [1;34m34[0m:   [32mend[0m
    [1;34m35[0m: 
    [1;34m36[0m:   on get [32mdo[0m
    [1;34m37[0m:     on root [32mdo[0m
    [1;34m38[0m:       binding.pry
 => [1;34m39[0m:       res.write [31m[1;31m"[0m[31mHello![1;31m"[0m[31m[0m
    [1;34m40[0m:     [32mend[0m
    [1;34m41[0m:   [32mend[0m
    [1;34m42[0m: [32mend[0m

[0G[1] pry(#<Cuba>)> [5603] ! Terminating timed out worker: 5608
[5603] - Worker 0 (pid: 5618) booted, phase: 0

[1mFrom:[0m /webapps/teachbase/yandex-request-forwarder/app.rb @ line 39 :

    [1;34m34[0m:   [32mend[0m
    [1;34m35[0m: 
    [1;34m36[0m:   on get [32mdo[0m
    [1;34m37[0m:     on root [32mdo[0m
    [1;34m38[0m:       binding.pry
 => [1;34m39[0m:       res.write [31m[1;31m"[0m[31mHello![1;31m"[0m[31m[0m
    [1;34m40[0m:     [32mend[0m
    [1;34m41[0m:   [32mend[0m
    [1;34m42[0m: [32mend[0m

[0G[1] pry(#<Cuba>)> [5603] - Gracefully shutting down workers...
[5603] === puma shutdown: 2016-11-30 16:01:40 +0000 ===
[5603] - Goodbye!
=== puma startup: 2016-11-30 16:39:56 +0000 ===
[6697] * Starting control server on unix:///tmp/puma-status-1480523996238-6697
[6697] - Worker 0 (pid: 6702) booted, phase: 0
[6697] - Gracefully shutting down workers...
[6697] === puma shutdown: 2016-11-30 16:40:36 +0000 ===
[6697] - Goodbye!
=== puma startup: 2016-11-30 16:40:38 +0000 ===
[6722] * Starting control server on unix:///tmp/puma-status-1480524038227-6722
[6722] - Worker 0 (pid: 6727) booted, phase: 0
I, [2016-11-30T16:40:40.360599 #6727]  INFO -- : GET /
[6722] - Gracefully shutting down workers...
[6722] === puma shutdown: 2016-11-30 16:41:11 +0000 ===
[6722] - Goodbye!
=== puma startup: 2016-11-30 16:41:22 +0000 ===
[6748] * Starting control server on unix:///tmp/puma-status-1480524082499-6748
[6748] - Worker 0 (pid: 6753) booted, phase: 0
I, [2016-11-30T16:41:24.344578 #6753]  INFO -- : GET /
I, [2016-11-30T16:41:29.245005 #6753]  INFO -- : GET /
I, [2016-11-30T16:41:30.400355 #6753]  INFO -- : GET /
I, [2016-11-30T16:41:30.986050 #6753]  INFO -- : GET /
I, [2016-11-30T16:41:31.889107 #6753]  INFO -- : GET /
[6748] - Gracefully shutting down workers...
[6748] === puma shutdown: 2016-11-30 16:41:36 +0000 ===
[6748] - Goodbye!
=== puma startup: 2016-12-01 00:55:59 +0000 ===
[6846] * Starting control server on unix:///tmp/puma-status-1480553759968-6846
[6846] - Gracefully shutting down workers...
[6846] === puma shutdown: 2016-12-01 00:57:46 +0000 ===
[6846] - Goodbye!
=== puma startup: 2016-12-01 00:57:54 +0000 ===
[6951] * Starting control server on unix:///tmp/puma-status-1480553874448-6951
[6951] - Gracefully shutting down workers...
[6951] === puma shutdown: 2016-12-01 01:00:36 +0000 ===
[6951] - Goodbye!
=== puma startup: 2016-12-01 01:00:49 +0000 ===
[7097] * Starting control server on unix:///tmp/puma-status-1480554049813-7097
[7097] - Gracefully shutting down workers...
[7097] === puma shutdown: 2016-12-01 01:01:52 +0000 ===
[7097] - Goodbye!
=== puma startup: 2016-12-01 01:01:53 +0000 ===
[7166] * Starting control server on unix:///tmp/puma-status-1480554113290-7166
[7166] - Gracefully shutting down workers...
[7166] === puma shutdown: 2016-12-01 01:02:49 +0000 ===
[7166] - Goodbye!
=== puma startup: 2016-12-01 01:02:50 +0000 ===
[7230] * Starting control server on unix:///tmp/puma-status-1480554170340-7230
[7230] - Gracefully shutting down workers...
[7230] === puma shutdown: 2016-12-01 01:03:18 +0000 ===
[7230] - Goodbye!
=== puma startup: 2016-12-01 01:03:19 +0000 ===
[7270] * Starting control server on unix:///tmp/puma-status-1480554199262-7270
[7270] - Gracefully shutting down workers...
[7270] === puma shutdown: 2016-12-01 01:04:31 +0000 ===
[7270] - Goodbye!
=== puma startup: 2016-12-01 01:05:31 +0000 ===
[7346] * Starting control server on unix:///tmp/puma-status-1480554331655-7346
[7346] - Gracefully shutting down workers...
[7346] === puma shutdown: 2016-12-01 01:05:45 +0000 ===
[7346] - Goodbye!
